<?xml version="1.0" encoding="UTF-8"?>
<coverage generated="1656918790425" clover="3.2.0">
  <project timestamp="1656918790426" name="All files">
    <metrics statements="87" coveredstatements="42" conditionals="8" coveredconditionals="2" methods="22" coveredmethods="5" elements="117" coveredelements="49" complexity="0" loc="87" ncloc="87" packages="5" files="8" classes="8"/>
    <package name="src">
      <metrics statements="16" coveredstatements="13" conditionals="2" coveredconditionals="1" methods="4" coveredmethods="0"/>
      <file name="app.js" path="E:\2021-Vedio-download\Practise\React-Foyzul\Foyzul-2022\AdvanceNodeJs\parcelkoi-server\app\src\app.js">
        <metrics statements="8" coveredstatements="7" conditionals="2" coveredconditionals="1" methods="0" coveredmethods="0"/>
        <line num="7" count="2" type="stmt"/>
        <line num="10" count="2" type="stmt"/>
        <line num="16" count="2" type="stmt"/>
        <line num="20" count="2" type="stmt"/>
        <line num="24" count="2" type="cond" truecount="1" falsecount="1"/>
        <line num="25" count="0" type="stmt"/>
        <line num="27" count="2" type="stmt"/>
        <line num="32" count="2" type="stmt"/>
      </file>
      <file name="logger.js" path="E:\2021-Vedio-download\Practise\React-Foyzul\Foyzul-2022\AdvanceNodeJs\parcelkoi-server\app\src\logger.js">
        <metrics statements="8" coveredstatements="6" conditionals="0" coveredconditionals="0" methods="4" coveredmethods="0"/>
        <line num="9" count="2" type="stmt"/>
        <line num="10" count="0" type="stmt"/>
        <line num="14" count="0" type="stmt"/>
        <line num="31" count="2" type="stmt"/>
        <line num="36" count="2" type="stmt"/>
        <line num="41" count="2" type="stmt"/>
        <line num="43" count="2" type="stmt"/>
        <line num="64" count="2" type="stmt"/>
      </file>
    </package>
    <package name="src.controllers">
      <metrics statements="32" coveredstatements="16" conditionals="0" coveredconditionals="0" methods="6" coveredmethods="3"/>
      <file name="index.js" path="E:\2021-Vedio-download\Practise\React-Foyzul\Foyzul-2022\AdvanceNodeJs\parcelkoi-server\app\src\controllers\index.js">
        <metrics statements="2" coveredstatements="2" conditionals="0" coveredconditionals="0" methods="1" coveredmethods="1"/>
        <line num="3" count="2" type="stmt"/>
        <line num="4" count="2" type="stmt"/>
      </file>
      <file name="userController.js" path="E:\2021-Vedio-download\Practise\React-Foyzul\Foyzul-2022\AdvanceNodeJs\parcelkoi-server\app\src\controllers\userController.js">
        <metrics statements="30" coveredstatements="14" conditionals="0" coveredconditionals="0" methods="5" coveredmethods="2"/>
        <line num="7" count="2" type="stmt"/>
        <line num="9" count="2" type="stmt"/>
        <line num="14" count="1" type="stmt"/>
        <line num="15" count="1" type="stmt"/>
        <line num="16" count="1" type="stmt"/>
        <line num="19" count="0" type="stmt"/>
        <line num="23" count="2" type="stmt"/>
        <line num="24" count="0" type="stmt"/>
        <line num="25" count="0" type="stmt"/>
        <line num="26" count="0" type="stmt"/>
        <line num="27" count="0" type="stmt"/>
        <line num="29" count="0" type="stmt"/>
        <line num="33" count="2" type="stmt"/>
        <line num="34" count="0" type="stmt"/>
        <line num="35" count="0" type="stmt"/>
        <line num="36" count="0" type="stmt"/>
        <line num="37" count="0" type="stmt"/>
        <line num="40" count="0" type="stmt"/>
        <line num="44" count="2" type="stmt"/>
        <line num="45" count="0" type="stmt"/>
        <line num="46" count="0" type="stmt"/>
        <line num="47" count="0" type="stmt"/>
        <line num="48" count="0" type="stmt"/>
        <line num="50" count="0" type="stmt"/>
        <line num="54" count="2" type="stmt"/>
        <line num="55" count="2" type="stmt"/>
        <line num="56" count="2" type="stmt"/>
        <line num="57" count="2" type="stmt"/>
        <line num="59" count="2" type="stmt"/>
        <line num="60" count="2" type="stmt"/>
      </file>
    </package>
    <package name="src.middlewares">
      <metrics statements="23" coveredstatements="10" conditionals="6" coveredconditionals="1" methods="5" coveredmethods="2"/>
      <file name="index.js" path="E:\2021-Vedio-download\Practise\React-Foyzul\Foyzul-2022\AdvanceNodeJs\parcelkoi-server\app\src\middlewares\index.js">
        <metrics statements="23" coveredstatements="10" conditionals="6" coveredconditionals="1" methods="5" coveredmethods="2"/>
        <line num="6" count="2" type="stmt"/>
        <line num="7" count="0" type="stmt"/>
        <line num="8" count="0" type="cond" truecount="0" falsecount="2"/>
        <line num="9" count="0" type="stmt"/>
        <line num="13" count="0" type="stmt"/>
        <line num="15" count="0" type="stmt"/>
        <line num="22" count="2" type="stmt"/>
        <line num="23" count="1" type="stmt"/>
        <line num="24" count="1" type="cond" truecount="1" falsecount="1"/>
        <line num="25" count="1" type="stmt"/>
        <line num="26" count="1" type="stmt"/>
        <line num="29" count="1" type="stmt"/>
        <line num="30" count="1" type="stmt"/>
        <line num="33" count="2" type="stmt"/>
        <line num="35" count="2" type="stmt"/>
        <line num="36" count="0" type="stmt"/>
        <line num="37" count="0" type="stmt"/>
        <line num="39" count="0" type="cond" truecount="0" falsecount="2"/>
        <line num="40" count="0" type="stmt"/>
        <line num="43" count="0" type="stmt"/>
        <line num="44" count="0" type="stmt"/>
        <line num="45" count="0" type="stmt"/>
        <line num="47" count="0" type="stmt"/>
      </file>
    </package>
    <package name="src.models.view-models">
      <metrics statements="7" coveredstatements="3" conditionals="0" coveredconditionals="0" methods="1" coveredmethods="0"/>
      <file name="index.js" path="E:\2021-Vedio-download\Practise\React-Foyzul\Foyzul-2022\AdvanceNodeJs\parcelkoi-server\app\src\models\view-models\index.js">
        <metrics statements="1" coveredstatements="1" conditionals="0" coveredconditionals="0" methods="0" coveredmethods="0"/>
        <line num="3" count="2" type="stmt"/>
      </file>
      <file name="user-view-model.js" path="E:\2021-Vedio-download\Practise\React-Foyzul\Foyzul-2022\AdvanceNodeJs\parcelkoi-server\app\src\models\view-models\user-view-model.js">
        <metrics statements="6" coveredstatements="2" conditionals="0" coveredconditionals="0" methods="1" coveredmethods="0"/>
        <line num="4" count="2" type="stmt"/>
        <line num="10" count="2" type="stmt"/>
        <line num="11" count="0" type="stmt"/>
        <line num="12" count="0" type="stmt"/>
        <line num="13" count="0" type="stmt"/>
        <line num="14" count="0" type="stmt"/>
      </file>
    </package>
    <package name="src.utils">
      <metrics statements="9" coveredstatements="0" conditionals="0" coveredconditionals="0" methods="6" coveredmethods="0"/>
      <file name="errors.js" path="E:\2021-Vedio-download\Practise\React-Foyzul\Foyzul-2022\AdvanceNodeJs\parcelkoi-server\app\src\utils\errors.js">
        <metrics statements="9" coveredstatements="0" conditionals="0" coveredconditionals="0" methods="6" coveredmethods="0"/>
        <line num="3" count="0" type="stmt"/>
        <line num="4" count="0" type="stmt"/>
        <line num="6" count="0" type="stmt"/>
        <line num="11" count="0" type="stmt"/>
        <line num="12" count="0" type="stmt"/>
        <line num="14" count="0" type="stmt"/>
        <line num="19" count="0" type="stmt"/>
        <line num="20" count="0" type="stmt"/>
        <line num="22" count="0" type="stmt"/>
      </file>
    </package>
  </project>
</coverage>
