{"E:\\2021-Vedio-download\\Practise\\React-Foyzul\\Foyzul-2022\\AdvanceNodeJs\\parcelkoi-server\\app\\app.js": {"path":"E:\\2021-Vedio-download\\Practise\\React-Foyzul\\Foyzul-2022\\AdvanceNodeJs\\parcelkoi-server\\app\\app.js","statementMap":{"0":{"start":{"line":13,"column":13},"end":{"line":13,"column":22}},"1":{"start":{"line":15,"column":0},"end":{"line":15,"column":24}},"2":{"start":{"line":18,"column":23},"end":{"line":27,"column":1}},"3":{"start":{"line":19,"column":24},"end":{"line":19,"column":55}},"4":{"start":{"line":20,"column":4},"end":{"line":23,"column":5}},"5":{"start":{"line":21,"column":8},"end":{"line":21,"column":46}},"6":{"start":{"line":22,"column":8},"end":{"line":22,"column":56}},"7":{"start":{"line":25,"column":4},"end":{"line":25,"column":47}},"8":{"start":{"line":26,"column":4},"end":{"line":26,"column":18}},"9":{"start":{"line":29,"column":0},"end":{"line":29,"column":24}},"10":{"start":{"line":31,"column":0},"end":{"line":31,"column":16}},"11":{"start":{"line":33,"column":19},"end":{"line":39,"column":1}},"12":{"start":{"line":34,"column":14},"end":{"line":37,"column":5}},"13":{"start":{"line":38,"column":4},"end":{"line":38,"column":31}},"14":{"start":{"line":41,"column":26},"end":{"line":46,"column":1}},"15":{"start":{"line":48,"column":27},"end":{"line":53,"column":1}},"16":{"start":{"line":55,"column":28},"end":{"line":58,"column":2}},"17":{"start":{"line":60,"column":29},"end":{"line":64,"column":1}},"18":{"start":{"line":65,"column":20},"end":{"line":65,"column":70}},"19":{"start":{"line":67,"column":19},"end":{"line":80,"column":2}},"20":{"start":{"line":82,"column":20},"end":{"line":93,"column":2}},"21":{"start":{"line":95,"column":0},"end":{"line":95,"column":20}},"22":{"start":{"line":97,"column":0},"end":{"line":97,"column":15}},"23":{"start":{"line":99,"column":0},"end":{"line":99,"column":21}},"24":{"start":{"line":101,"column":0},"end":{"line":101,"column":22}}},"fnMap":{"0":{"name":"(anonymous_0)","decl":{"start":{"line":18,"column":23},"end":{"line":18,"column":24}},"loc":{"start":{"line":18,"column":49},"end":{"line":27,"column":1}},"line":18},"1":{"name":"(anonymous_1)","decl":{"start":{"line":33,"column":19},"end":{"line":33,"column":20}},"loc":{"start":{"line":33,"column":32},"end":{"line":39,"column":1}},"line":33}},"branchMap":{"0":{"loc":{"start":{"line":20,"column":4},"end":{"line":23,"column":5}},"type":"if","locations":[{"start":{"line":20,"column":4},"end":{"line":23,"column":5}},{"start":{},"end":{}}],"line":20}},"s":{"0":1,"1":1,"2":1,"3":1,"4":1,"5":1,"6":1,"7":1,"8":1,"9":1,"10":1,"11":1,"12":1,"13":1,"14":1,"15":1,"16":1,"17":1,"18":1,"19":1,"20":1,"21":1,"22":1,"23":1,"24":1},"f":{"0":1,"1":1},"b":{"0":[1,0]},"_coverageSchema":"1a1c01bbd47fc00a2c39e90264f33305004495a9","hash":"00ac2a708daf20c408a0eed85ddd15b10a4c7e70"}
,"E:\\2021-Vedio-download\\Practise\\React-Foyzul\\Foyzul-2022\\AdvanceNodeJs\\parcelkoi-server\\app\\mongo.js": {"path":"E:\\2021-Vedio-download\\Practise\\React-Foyzul\\Foyzul-2022\\AdvanceNodeJs\\parcelkoi-server\\app\\mongo.js","statementMap":{"0":{"start":{"line":3,"column":19},"end":{"line":3,"column":56}},"1":{"start":{"line":5,"column":16},"end":{"line":5,"column":19}},"2":{"start":{"line":7,"column":12},"end":{"line":7,"column":37}},"3":{"start":{"line":7,"column":21},"end":{"line":7,"column":37}},"4":{"start":{"line":9,"column":29},"end":{"line":17,"column":1}},"5":{"start":{"line":10,"column":4},"end":{"line":16,"column":6}},"6":{"start":{"line":11,"column":8},"end":{"line":14,"column":9}},"7":{"start":{"line":13,"column":12},"end":{"line":13,"column":22}}},"fnMap":{"0":{"name":"(anonymous_0)","decl":{"start":{"line":7,"column":12},"end":{"line":7,"column":13}},"loc":{"start":{"line":7,"column":21},"end":{"line":7,"column":37}},"line":7},"1":{"name":"(anonymous_1)","decl":{"start":{"line":9,"column":29},"end":{"line":9,"column":30}},"loc":{"start":{"line":9,"column":35},"end":{"line":17,"column":1}},"line":9},"2":{"name":"(anonymous_2)","decl":{"start":{"line":10,"column":35},"end":{"line":10,"column":36}},"loc":{"start":{"line":10,"column":48},"end":{"line":16,"column":5}},"line":10}},"branchMap":{"0":{"loc":{"start":{"line":11,"column":8},"end":{"line":14,"column":9}},"type":"if","locations":[{"start":{"line":11,"column":8},"end":{"line":14,"column":9}},{"start":{},"end":{}}],"line":11}},"s":{"0":1,"1":1,"2":1,"3":0,"4":1,"5":1,"6":1,"7":0},"f":{"0":0,"1":1,"2":1},"b":{"0":[0,1]},"_coverageSchema":"1a1c01bbd47fc00a2c39e90264f33305004495a9","hash":"0c604b6afee7b0aa1d507b0bf80a965da327c7d6"}
,"E:\\2021-Vedio-download\\Practise\\React-Foyzul\\Foyzul-2022\\AdvanceNodeJs\\parcelkoi-server\\app\\controllers\\index.js": {"path":"E:\\2021-Vedio-download\\Practise\\React-Foyzul\\Foyzul-2022\\AdvanceNodeJs\\parcelkoi-server\\app\\controllers\\index.js","statementMap":{"0":{"start":{"line":3,"column":18},"end":{"line":5,"column":1}},"1":{"start":{"line":4,"column":4},"end":{"line":4,"column":33}}},"fnMap":{"0":{"name":"(anonymous_0)","decl":{"start":{"line":3,"column":18},"end":{"line":3,"column":19}},"loc":{"start":{"line":3,"column":27},"end":{"line":5,"column":1}},"line":3}},"branchMap":{},"s":{"0":1,"1":1},"f":{"0":1},"b":{},"_coverageSchema":"1a1c01bbd47fc00a2c39e90264f33305004495a9","hash":"d5cb91a10e3fbe8f9e37a32167eaab2c41de3f44"}
,"E:\\2021-Vedio-download\\Practise\\React-Foyzul\\Foyzul-2022\\AdvanceNodeJs\\parcelkoi-server\\app\\controllers\\userController.js": {"path":"E:\\2021-Vedio-download\\Practise\\React-Foyzul\\Foyzul-2022\\AdvanceNodeJs\\parcelkoi-server\\app\\controllers\\userController.js","statementMap":{"0":{"start":{"line":7,"column":15},"end":{"line":7,"column":31}},"1":{"start":{"line":9,"column":19},"end":{"line":21,"column":1}},"2":{"start":{"line":14,"column":4},"end":{"line":20,"column":5}},"3":{"start":{"line":15,"column":22},"end":{"line":15,"column":41}},"4":{"start":{"line":16,"column":8},"end":{"line":16,"column":36}},"5":{"start":{"line":19,"column":8},"end":{"line":19,"column":36}},"6":{"start":{"line":23,"column":20},"end":{"line":31,"column":1}},"7":{"start":{"line":24,"column":4},"end":{"line":30,"column":5}},"8":{"start":{"line":25,"column":21},"end":{"line":25,"column":29}},"9":{"start":{"line":26,"column":21},"end":{"line":26,"column":41}},"10":{"start":{"line":27,"column":8},"end":{"line":27,"column":39}},"11":{"start":{"line":29,"column":8},"end":{"line":29,"column":36}},"12":{"start":{"line":33,"column":19},"end":{"line":42,"column":1}},"13":{"start":{"line":34,"column":4},"end":{"line":41,"column":5}},"14":{"start":{"line":35,"column":21},"end":{"line":35,"column":29}},"15":{"start":{"line":36,"column":21},"end":{"line":36,"column":39}},"16":{"start":{"line":37,"column":8},"end":{"line":37,"column":39}},"17":{"start":{"line":40,"column":8},"end":{"line":40,"column":37}},"18":{"start":{"line":44,"column":22},"end":{"line":52,"column":1}},"19":{"start":{"line":45,"column":4},"end":{"line":51,"column":5}},"20":{"start":{"line":46,"column":19},"end":{"line":46,"column":32}},"21":{"start":{"line":47,"column":8},"end":{"line":47,"column":29}},"22":{"start":{"line":48,"column":8},"end":{"line":48,"column":45}},"23":{"start":{"line":50,"column":8},"end":{"line":50,"column":37}},"24":{"start":{"line":54,"column":0},"end":{"line":54,"column":28}},"25":{"start":{"line":55,"column":0},"end":{"line":55,"column":79}},"26":{"start":{"line":56,"column":0},"end":{"line":56,"column":28}},"27":{"start":{"line":57,"column":0},"end":{"line":57,"column":37}},"28":{"start":{"line":59,"column":18},"end":{"line":61,"column":1}},"29":{"start":{"line":60,"column":4},"end":{"line":60,"column":30}}},"fnMap":{"0":{"name":"(anonymous_0)","decl":{"start":{"line":9,"column":19},"end":{"line":9,"column":20}},"loc":{"start":{"line":9,"column":45},"end":{"line":21,"column":1}},"line":9},"1":{"name":"(anonymous_1)","decl":{"start":{"line":23,"column":20},"end":{"line":23,"column":21}},"loc":{"start":{"line":23,"column":46},"end":{"line":31,"column":1}},"line":23},"2":{"name":"(anonymous_2)","decl":{"start":{"line":33,"column":19},"end":{"line":33,"column":20}},"loc":{"start":{"line":33,"column":45},"end":{"line":42,"column":1}},"line":33},"3":{"name":"(anonymous_3)","decl":{"start":{"line":44,"column":22},"end":{"line":44,"column":23}},"loc":{"start":{"line":44,"column":48},"end":{"line":52,"column":1}},"line":44},"4":{"name":"(anonymous_4)","decl":{"start":{"line":59,"column":18},"end":{"line":59,"column":19}},"loc":{"start":{"line":59,"column":27},"end":{"line":61,"column":1}},"line":59}},"branchMap":{},"s":{"0":1,"1":1,"2":1,"3":1,"4":1,"5":0,"6":1,"7":0,"8":0,"9":0,"10":0,"11":0,"12":1,"13":0,"14":0,"15":0,"16":0,"17":0,"18":1,"19":0,"20":0,"21":0,"22":0,"23":0,"24":1,"25":1,"26":1,"27":1,"28":1,"29":1},"f":{"0":1,"1":0,"2":0,"3":0,"4":1},"b":{},"_coverageSchema":"1a1c01bbd47fc00a2c39e90264f33305004495a9","hash":"c908e775c89955e2718749ff21591ba23e45df05"}
,"E:\\2021-Vedio-download\\Practise\\React-Foyzul\\Foyzul-2022\\AdvanceNodeJs\\parcelkoi-server\\app\\middlewares\\handleErrors.js": {"path":"E:\\2021-Vedio-download\\Practise\\React-Foyzul\\Foyzul-2022\\AdvanceNodeJs\\parcelkoi-server\\app\\middlewares\\handleErrors.js","statementMap":{"0":{"start":{"line":3,"column":28},"end":{"line":17,"column":1}},"1":{"start":{"line":4,"column":17},"end":{"line":4,"column":20}},"2":{"start":{"line":5,"column":4},"end":{"line":8,"column":5}},"3":{"start":{"line":6,"column":8},"end":{"line":6,"column":29}},"4":{"start":{"line":10,"column":24},"end":{"line":10,"column":55}},"5":{"start":{"line":12,"column":4},"end":{"line":15,"column":6}}},"fnMap":{"0":{"name":"(anonymous_0)","decl":{"start":{"line":3,"column":28},"end":{"line":3,"column":29}},"loc":{"start":{"line":3,"column":59},"end":{"line":17,"column":1}},"line":3}},"branchMap":{"0":{"loc":{"start":{"line":5,"column":4},"end":{"line":8,"column":5}},"type":"if","locations":[{"start":{"line":5,"column":4},"end":{"line":8,"column":5}},{"start":{},"end":{}}],"line":5}},"s":{"0":1,"1":0,"2":0,"3":0,"4":0,"5":0},"f":{"0":0},"b":{"0":[0,0]},"_coverageSchema":"1a1c01bbd47fc00a2c39e90264f33305004495a9","hash":"790695f4321a9aaea287c4941586852aa02ccb69"}
,"E:\\2021-Vedio-download\\Practise\\React-Foyzul\\Foyzul-2022\\AdvanceNodeJs\\parcelkoi-server\\app\\middlewares\\handleValidations.js": {"path":"E:\\2021-Vedio-download\\Practise\\React-Foyzul\\Foyzul-2022\\AdvanceNodeJs\\parcelkoi-server\\app\\middlewares\\handleValidations.js","statementMap":{"0":{"start":{"line":4,"column":32},"end":{"line":21,"column":1}},"1":{"start":{"line":6,"column":4},"end":{"line":19,"column":5}},"2":{"start":{"line":7,"column":23},"end":{"line":7,"column":41}},"3":{"start":{"line":8,"column":24},"end":{"line":8,"column":44}},"4":{"start":{"line":10,"column":8},"end":{"line":12,"column":9}},"5":{"start":{"line":11,"column":12},"end":{"line":11,"column":26}},"6":{"start":{"line":14,"column":28},"end":{"line":14,"column":40}},"7":{"start":{"line":15,"column":25},"end":{"line":15,"column":55}},"8":{"start":{"line":15,"column":44},"end":{"line":15,"column":53}},"9":{"start":{"line":16,"column":20},"end":{"line":16,"column":38}},"10":{"start":{"line":18,"column":8},"end":{"line":18,"column":34}}},"fnMap":{"0":{"name":"(anonymous_0)","decl":{"start":{"line":4,"column":32},"end":{"line":4,"column":33}},"loc":{"start":{"line":4,"column":46},"end":{"line":21,"column":1}},"line":4},"1":{"name":"(anonymous_1)","decl":{"start":{"line":6,"column":11},"end":{"line":6,"column":12}},"loc":{"start":{"line":6,"column":31},"end":{"line":19,"column":5}},"line":6},"2":{"name":"(anonymous_2)","decl":{"start":{"line":15,"column":37},"end":{"line":15,"column":38}},"loc":{"start":{"line":15,"column":44},"end":{"line":15,"column":53}},"line":15}},"branchMap":{"0":{"loc":{"start":{"line":10,"column":8},"end":{"line":12,"column":9}},"type":"if","locations":[{"start":{"line":10,"column":8},"end":{"line":12,"column":9}},{"start":{},"end":{}}],"line":10}},"s":{"0":1,"1":1,"2":0,"3":0,"4":0,"5":0,"6":0,"7":0,"8":0,"9":0,"10":0},"f":{"0":1,"1":0,"2":0},"b":{"0":[0,0]},"_coverageSchema":"1a1c01bbd47fc00a2c39e90264f33305004495a9","hash":"7765049738555be5c87365c9105cb621910d7704"}
,"E:\\2021-Vedio-download\\Practise\\React-Foyzul\\Foyzul-2022\\AdvanceNodeJs\\parcelkoi-server\\app\\models\\index.js": {"path":"E:\\2021-Vedio-download\\Practise\\React-Foyzul\\Foyzul-2022\\AdvanceNodeJs\\parcelkoi-server\\app\\models\\index.js","statementMap":{"0":{"start":{"line":3,"column":15},"end":{"line":3,"column":23}}},"fnMap":{},"branchMap":{},"s":{"0":1},"f":{},"b":{},"_coverageSchema":"1a1c01bbd47fc00a2c39e90264f33305004495a9","hash":"f8852ced432de992804f741b264c7054507236f5"}
,"E:\\2021-Vedio-download\\Practise\\React-Foyzul\\Foyzul-2022\\AdvanceNodeJs\\parcelkoi-server\\app\\models\\user.js": {"path":"E:\\2021-Vedio-download\\Practise\\React-Foyzul\\Foyzul-2022\\AdvanceNodeJs\\parcelkoi-server\\app\\models\\user.js","statementMap":{"0":{"start":{"line":4,"column":19},"end":{"line":9,"column":1}},"1":{"start":{"line":12,"column":13},"end":{"line":12,"column":47}}},"fnMap":{},"branchMap":{},"s":{"0":1,"1":1},"f":{},"b":{},"_coverageSchema":"1a1c01bbd47fc00a2c39e90264f33305004495a9","hash":"65beb351186c13cceca9573cbf82b473ca52a18a"}
,"E:\\2021-Vedio-download\\Practise\\React-Foyzul\\Foyzul-2022\\AdvanceNodeJs\\parcelkoi-server\\app\\models\\view-models\\index.js": {"path":"E:\\2021-Vedio-download\\Practise\\React-Foyzul\\Foyzul-2022\\AdvanceNodeJs\\parcelkoi-server\\app\\models\\view-models\\index.js","statementMap":{"0":{"start":{"line":3,"column":19},"end":{"line":3,"column":51}}},"fnMap":{},"branchMap":{},"s":{"0":1},"f":{},"b":{},"_coverageSchema":"1a1c01bbd47fc00a2c39e90264f33305004495a9","hash":"3175a50ac878f7eb52eb8fb19f8e4a780fad2b08"}
,"E:\\2021-Vedio-download\\Practise\\React-Foyzul\\Foyzul-2022\\AdvanceNodeJs\\parcelkoi-server\\app\\models\\view-models\\user-view-model.js": {"path":"E:\\2021-Vedio-download\\Practise\\React-Foyzul\\Foyzul-2022\\AdvanceNodeJs\\parcelkoi-server\\app\\models\\view-models\\user-view-model.js","statementMap":{"0":{"start":{"line":4,"column":15},"end":{"line":8,"column":1}},"1":{"start":{"line":10,"column":17},"end":{"line":15,"column":1}},"2":{"start":{"line":11,"column":19},"end":{"line":11,"column":40}},"3":{"start":{"line":12,"column":4},"end":{"line":12,"column":32}},"4":{"start":{"line":13,"column":4},"end":{"line":13,"column":24}},"5":{"start":{"line":14,"column":4},"end":{"line":14,"column":18}}},"fnMap":{"0":{"name":"(anonymous_0)","decl":{"start":{"line":10,"column":17},"end":{"line":10,"column":18}},"loc":{"start":{"line":10,"column":27},"end":{"line":15,"column":1}},"line":10}},"branchMap":{},"s":{"0":1,"1":1,"2":0,"3":0,"4":0,"5":0},"f":{"0":0},"b":{},"_coverageSchema":"1a1c01bbd47fc00a2c39e90264f33305004495a9","hash":"83e05f4228c8fdad331fb48a097dbdc4c5d24a9b"}
,"E:\\2021-Vedio-download\\Practise\\React-Foyzul\\Foyzul-2022\\AdvanceNodeJs\\parcelkoi-server\\app\\services\\userService.js": {"path":"E:\\2021-Vedio-download\\Practise\\React-Foyzul\\Foyzul-2022\\AdvanceNodeJs\\parcelkoi-server\\app\\services\\userService.js","statementMap":{"0":{"start":{"line":4,"column":24},"end":{"line":9,"column":1}},"1":{"start":{"line":5,"column":18},"end":{"line":5,"column":39}},"2":{"start":{"line":7,"column":22},"end":{"line":7,"column":40}},"3":{"start":{"line":8,"column":4},"end":{"line":8,"column":21}},"4":{"start":{"line":11,"column":27},"end":{"line":15,"column":1}},"5":{"start":{"line":12,"column":18},"end":{"line":12,"column":29}},"6":{"start":{"line":13,"column":18},"end":{"line":13,"column":35}},"7":{"start":{"line":14,"column":4},"end":{"line":14,"column":17}},"8":{"start":{"line":17,"column":22},"end":{"line":28,"column":1}},"9":{"start":{"line":18,"column":15},"end":{"line":18,"column":23}},"10":{"start":{"line":19,"column":17},"end":{"line":19,"column":28}},"11":{"start":{"line":20,"column":16},"end":{"line":20,"column":39}},"12":{"start":{"line":22,"column":4},"end":{"line":26,"column":5}},"13":{"start":{"line":23,"column":8},"end":{"line":23,"column":39}},"14":{"start":{"line":24,"column":8},"end":{"line":24,"column":21}},"15":{"start":{"line":25,"column":8},"end":{"line":25,"column":21}},"16":{"start":{"line":27,"column":4},"end":{"line":27,"column":56}},"17":{"start":{"line":30,"column":26},"end":{"line":39,"column":1}},"18":{"start":{"line":31,"column":17},"end":{"line":31,"column":28}},"19":{"start":{"line":32,"column":16},"end":{"line":32,"column":39}},"20":{"start":{"line":34,"column":4},"end":{"line":37,"column":5}},"21":{"start":{"line":35,"column":21},"end":{"line":35,"column":53}},"22":{"start":{"line":36,"column":8},"end":{"line":36,"column":22}},"23":{"start":{"line":38,"column":4},"end":{"line":38,"column":58}}},"fnMap":{"0":{"name":"(anonymous_0)","decl":{"start":{"line":4,"column":24},"end":{"line":4,"column":25}},"loc":{"start":{"line":4,"column":40},"end":{"line":9,"column":1}},"line":4},"1":{"name":"(anonymous_1)","decl":{"start":{"line":11,"column":27},"end":{"line":11,"column":28}},"loc":{"start":{"line":11,"column":39},"end":{"line":15,"column":1}},"line":11},"2":{"name":"(anonymous_2)","decl":{"start":{"line":17,"column":22},"end":{"line":17,"column":23}},"loc":{"start":{"line":17,"column":38},"end":{"line":28,"column":1}},"line":17},"3":{"name":"(anonymous_3)","decl":{"start":{"line":30,"column":26},"end":{"line":30,"column":27}},"loc":{"start":{"line":30,"column":40},"end":{"line":39,"column":1}},"line":30}},"branchMap":{"0":{"loc":{"start":{"line":22,"column":4},"end":{"line":26,"column":5}},"type":"if","locations":[{"start":{"line":22,"column":4},"end":{"line":26,"column":5}},{"start":{},"end":{}}],"line":22},"1":{"loc":{"start":{"line":34,"column":4},"end":{"line":37,"column":5}},"type":"if","locations":[{"start":{"line":34,"column":4},"end":{"line":37,"column":5}},{"start":{},"end":{}}],"line":34}},"s":{"0":1,"1":0,"2":0,"3":0,"4":1,"5":1,"6":1,"7":1,"8":1,"9":0,"10":0,"11":0,"12":0,"13":0,"14":0,"15":0,"16":0,"17":1,"18":0,"19":0,"20":0,"21":0,"22":0,"23":0},"f":{"0":0,"1":1,"2":0,"3":0},"b":{"0":[0,0],"1":[0,0]},"_coverageSchema":"1a1c01bbd47fc00a2c39e90264f33305004495a9","hash":"f51c21f2db79a376a6acac4ade4bf567c735a547"}
,"E:\\2021-Vedio-download\\Practise\\React-Foyzul\\Foyzul-2022\\AdvanceNodeJs\\parcelkoi-server\\app\\utils\\errors.js": {"path":"E:\\2021-Vedio-download\\Practise\\React-Foyzul\\Foyzul-2022\\AdvanceNodeJs\\parcelkoi-server\\app\\utils\\errors.js","statementMap":{"0":{"start":{"line":3,"column":8},"end":{"line":3,"column":16}},"1":{"start":{"line":4,"column":8},"end":{"line":4,"column":30}},"2":{"start":{"line":6,"column":16},"end":{"line":6,"column":27}},"3":{"start":{"line":11,"column":8},"end":{"line":11,"column":23}},"4":{"start":{"line":12,"column":8},"end":{"line":12,"column":32}},"5":{"start":{"line":14,"column":17},"end":{"line":14,"column":28}},"6":{"start":{"line":19,"column":8},"end":{"line":19,"column":22}},"7":{"start":{"line":20,"column":8},"end":{"line":20,"column":31}},"8":{"start":{"line":22,"column":15},"end":{"line":22,"column":26}}},"fnMap":{"0":{"name":"(anonymous_0)","decl":{"start":{"line":2,"column":4},"end":{"line":2,"column":5}},"loc":{"start":{"line":2,"column":24},"end":{"line":5,"column":5}},"line":2},"1":{"name":"(anonymous_1)","decl":{"start":{"line":6,"column":4},"end":{"line":6,"column":5}},"loc":{"start":{"line":6,"column":14},"end":{"line":6,"column":29}},"line":6},"2":{"name":"(anonymous_2)","decl":{"start":{"line":10,"column":4},"end":{"line":10,"column":5}},"loc":{"start":{"line":10,"column":24},"end":{"line":13,"column":5}},"line":10},"3":{"name":"(anonymous_3)","decl":{"start":{"line":14,"column":5},"end":{"line":14,"column":6}},"loc":{"start":{"line":14,"column":15},"end":{"line":14,"column":30}},"line":14},"4":{"name":"(anonymous_4)","decl":{"start":{"line":18,"column":4},"end":{"line":18,"column":5}},"loc":{"start":{"line":18,"column":24},"end":{"line":21,"column":5}},"line":18},"5":{"name":"(anonymous_5)","decl":{"start":{"line":22,"column":4},"end":{"line":22,"column":5}},"loc":{"start":{"line":22,"column":13},"end":{"line":22,"column":28}},"line":22}},"branchMap":{},"s":{"0":0,"1":0,"2":0,"3":0,"4":0,"5":0,"6":0,"7":0,"8":0},"f":{"0":0,"1":0,"2":0,"3":0,"4":0,"5":0},"b":{},"_coverageSchema":"1a1c01bbd47fc00a2c39e90264f33305004495a9","hash":"da417d21071e0ca20495b0cd4d5c90c0d32d5258"}
}
