{"E:\\2021-Vedio-download\\Practise\\React-Foyzul\\Foyzul-2022\\AdvanceNodeJs\\parcelkoi-server\\app\\src\\app.js": {"path":"E:\\2021-Vedio-download\\Practise\\React-Foyzul\\Foyzul-2022\\AdvanceNodeJs\\parcelkoi-server\\app\\src\\app.js","statementMap":{"0":{"start":{"line":7,"column":0},"end":{"line":7,"column":16}},"1":{"start":{"line":10,"column":12},"end":{"line":10,"column":21}},"2":{"start":{"line":16,"column":0},"end":{"line":16,"column":24}},"3":{"start":{"line":20,"column":0},"end":{"line":20,"column":23}},"4":{"start":{"line":24,"column":0},"end":{"line":25,"column":23}},"5":{"start":{"line":25,"column":3},"end":{"line":25,"column":23}},"6":{"start":{"line":27,"column":0},"end":{"line":27,"column":15}},"7":{"start":{"line":32,"column":0},"end":{"line":32,"column":21}}},"fnMap":{},"branchMap":{"0":{"loc":{"start":{"line":24,"column":0},"end":{"line":25,"column":23}},"type":"if","locations":[{"start":{"line":24,"column":0},"end":{"line":25,"column":23}},{"start":{},"end":{}}],"line":24}},"s":{"0":2,"1":2,"2":2,"3":2,"4":2,"5":0,"6":2,"7":2},"f":{},"b":{"0":[0,2]},"_coverageSchema":"1a1c01bbd47fc00a2c39e90264f33305004495a9","hash":"526510814c36bd80b6977874301543b2dc7ebe1e"}
,"E:\\2021-Vedio-download\\Practise\\React-Foyzul\\Foyzul-2022\\AdvanceNodeJs\\parcelkoi-server\\app\\src\\logger.js": {"path":"E:\\2021-Vedio-download\\Practise\\React-Foyzul\\Foyzul-2022\\AdvanceNodeJs\\parcelkoi-server\\app\\src\\logger.js","statementMap":{"0":{"start":{"line":9,"column":19},"end":{"line":15,"column":1}},"1":{"start":{"line":10,"column":14},"end":{"line":13,"column":5}},"2":{"start":{"line":14,"column":4},"end":{"line":14,"column":31}},"3":{"start":{"line":31,"column":29},"end":{"line":34,"column":2}},"4":{"start":{"line":31,"column":38},"end":{"line":34,"column":2}},"5":{"start":{"line":36,"column":29},"end":{"line":40,"column":1}},"6":{"start":{"line":41,"column":20},"end":{"line":41,"column":70}},"7":{"start":{"line":43,"column":26},"end":{"line":62,"column":2}},"8":{"start":{"line":43,"column":32},"end":{"line":62,"column":2}},"9":{"start":{"line":64,"column":27},"end":{"line":81,"column":2}},"10":{"start":{"line":64,"column":36},"end":{"line":81,"column":2}}},"fnMap":{"0":{"name":"(anonymous_0)","decl":{"start":{"line":9,"column":19},"end":{"line":9,"column":20}},"loc":{"start":{"line":9,"column":32},"end":{"line":15,"column":1}},"line":9},"1":{"name":"(anonymous_1)","decl":{"start":{"line":31,"column":29},"end":{"line":31,"column":30}},"loc":{"start":{"line":31,"column":38},"end":{"line":34,"column":2}},"line":31},"2":{"name":"(anonymous_2)","decl":{"start":{"line":43,"column":26},"end":{"line":43,"column":27}},"loc":{"start":{"line":43,"column":32},"end":{"line":62,"column":2}},"line":43},"3":{"name":"(anonymous_3)","decl":{"start":{"line":64,"column":27},"end":{"line":64,"column":28}},"loc":{"start":{"line":64,"column":36},"end":{"line":81,"column":2}},"line":64}},"branchMap":{},"s":{"0":2,"1":0,"2":0,"3":2,"4":0,"5":2,"6":2,"7":2,"8":0,"9":2,"10":0},"f":{"0":0,"1":0,"2":0,"3":0},"b":{},"_coverageSchema":"1a1c01bbd47fc00a2c39e90264f33305004495a9","hash":"8fd98bfe8000ed997ccfc306cfe29830efc9ae1d"}
,"E:\\2021-Vedio-download\\Practise\\React-Foyzul\\Foyzul-2022\\AdvanceNodeJs\\parcelkoi-server\\app\\src\\controllers\\index.js": {"path":"E:\\2021-Vedio-download\\Practise\\React-Foyzul\\Foyzul-2022\\AdvanceNodeJs\\parcelkoi-server\\app\\src\\controllers\\index.js","statementMap":{"0":{"start":{"line":3,"column":18},"end":{"line":5,"column":1}},"1":{"start":{"line":4,"column":4},"end":{"line":4,"column":33}}},"fnMap":{"0":{"name":"(anonymous_0)","decl":{"start":{"line":3,"column":18},"end":{"line":3,"column":19}},"loc":{"start":{"line":3,"column":27},"end":{"line":5,"column":1}},"line":3}},"branchMap":{},"s":{"0":2,"1":2},"f":{"0":2},"b":{},"_coverageSchema":"1a1c01bbd47fc00a2c39e90264f33305004495a9","hash":"118b14454cc05a6c401a8636808463d890e1e654"}
,"E:\\2021-Vedio-download\\Practise\\React-Foyzul\\Foyzul-2022\\AdvanceNodeJs\\parcelkoi-server\\app\\src\\controllers\\userController.js": {"path":"E:\\2021-Vedio-download\\Practise\\React-Foyzul\\Foyzul-2022\\AdvanceNodeJs\\parcelkoi-server\\app\\src\\controllers\\userController.js","statementMap":{"0":{"start":{"line":7,"column":15},"end":{"line":7,"column":31}},"1":{"start":{"line":9,"column":19},"end":{"line":21,"column":1}},"2":{"start":{"line":14,"column":4},"end":{"line":20,"column":5}},"3":{"start":{"line":15,"column":22},"end":{"line":15,"column":41}},"4":{"start":{"line":16,"column":8},"end":{"line":16,"column":36}},"5":{"start":{"line":19,"column":8},"end":{"line":19,"column":36}},"6":{"start":{"line":23,"column":20},"end":{"line":31,"column":1}},"7":{"start":{"line":24,"column":4},"end":{"line":30,"column":5}},"8":{"start":{"line":25,"column":21},"end":{"line":25,"column":29}},"9":{"start":{"line":26,"column":21},"end":{"line":26,"column":41}},"10":{"start":{"line":27,"column":8},"end":{"line":27,"column":39}},"11":{"start":{"line":29,"column":8},"end":{"line":29,"column":36}},"12":{"start":{"line":33,"column":19},"end":{"line":42,"column":1}},"13":{"start":{"line":34,"column":4},"end":{"line":41,"column":5}},"14":{"start":{"line":35,"column":21},"end":{"line":35,"column":29}},"15":{"start":{"line":36,"column":21},"end":{"line":36,"column":39}},"16":{"start":{"line":37,"column":8},"end":{"line":37,"column":39}},"17":{"start":{"line":40,"column":8},"end":{"line":40,"column":37}},"18":{"start":{"line":44,"column":22},"end":{"line":52,"column":1}},"19":{"start":{"line":45,"column":4},"end":{"line":51,"column":5}},"20":{"start":{"line":46,"column":19},"end":{"line":46,"column":32}},"21":{"start":{"line":47,"column":8},"end":{"line":47,"column":29}},"22":{"start":{"line":48,"column":8},"end":{"line":48,"column":45}},"23":{"start":{"line":50,"column":8},"end":{"line":50,"column":37}},"24":{"start":{"line":54,"column":0},"end":{"line":54,"column":28}},"25":{"start":{"line":55,"column":0},"end":{"line":55,"column":79}},"26":{"start":{"line":56,"column":0},"end":{"line":56,"column":28}},"27":{"start":{"line":57,"column":0},"end":{"line":57,"column":37}},"28":{"start":{"line":59,"column":18},"end":{"line":61,"column":1}},"29":{"start":{"line":60,"column":4},"end":{"line":60,"column":30}}},"fnMap":{"0":{"name":"(anonymous_0)","decl":{"start":{"line":9,"column":19},"end":{"line":9,"column":20}},"loc":{"start":{"line":9,"column":45},"end":{"line":21,"column":1}},"line":9},"1":{"name":"(anonymous_1)","decl":{"start":{"line":23,"column":20},"end":{"line":23,"column":21}},"loc":{"start":{"line":23,"column":46},"end":{"line":31,"column":1}},"line":23},"2":{"name":"(anonymous_2)","decl":{"start":{"line":33,"column":19},"end":{"line":33,"column":20}},"loc":{"start":{"line":33,"column":45},"end":{"line":42,"column":1}},"line":33},"3":{"name":"(anonymous_3)","decl":{"start":{"line":44,"column":22},"end":{"line":44,"column":23}},"loc":{"start":{"line":44,"column":48},"end":{"line":52,"column":1}},"line":44},"4":{"name":"(anonymous_4)","decl":{"start":{"line":59,"column":18},"end":{"line":59,"column":19}},"loc":{"start":{"line":59,"column":27},"end":{"line":61,"column":1}},"line":59}},"branchMap":{},"s":{"0":2,"1":2,"2":1,"3":1,"4":1,"5":0,"6":2,"7":0,"8":0,"9":0,"10":0,"11":0,"12":2,"13":0,"14":0,"15":0,"16":0,"17":0,"18":2,"19":0,"20":0,"21":0,"22":0,"23":0,"24":2,"25":2,"26":2,"27":2,"28":2,"29":2},"f":{"0":1,"1":0,"2":0,"3":0,"4":2},"b":{},"_coverageSchema":"1a1c01bbd47fc00a2c39e90264f33305004495a9","hash":"b0c9a2b2e75800aa1458f37d04d740db3ac9814a"}
,"E:\\2021-Vedio-download\\Practise\\React-Foyzul\\Foyzul-2022\\AdvanceNodeJs\\parcelkoi-server\\app\\src\\middlewares\\index.js": {"path":"E:\\2021-Vedio-download\\Practise\\React-Foyzul\\Foyzul-2022\\AdvanceNodeJs\\parcelkoi-server\\app\\src\\middlewares\\index.js","statementMap":{"0":{"start":{"line":6,"column":27},"end":{"line":20,"column":1}},"1":{"start":{"line":7,"column":17},"end":{"line":7,"column":20}},"2":{"start":{"line":8,"column":4},"end":{"line":11,"column":5}},"3":{"start":{"line":9,"column":8},"end":{"line":9,"column":29}},"4":{"start":{"line":13,"column":24},"end":{"line":13,"column":55}},"5":{"start":{"line":15,"column":4},"end":{"line":18,"column":6}},"6":{"start":{"line":22,"column":29},"end":{"line":31,"column":1}},"7":{"start":{"line":23,"column":24},"end":{"line":23,"column":55}},"8":{"start":{"line":24,"column":4},"end":{"line":27,"column":5}},"9":{"start":{"line":25,"column":8},"end":{"line":25,"column":46}},"10":{"start":{"line":26,"column":8},"end":{"line":26,"column":56}},"11":{"start":{"line":29,"column":4},"end":{"line":29,"column":47}},"12":{"start":{"line":30,"column":4},"end":{"line":30,"column":18}},"13":{"start":{"line":33,"column":32},"end":{"line":50,"column":1}},"14":{"start":{"line":35,"column":4},"end":{"line":48,"column":5}},"15":{"start":{"line":36,"column":23},"end":{"line":36,"column":41}},"16":{"start":{"line":37,"column":24},"end":{"line":37,"column":44}},"17":{"start":{"line":39,"column":8},"end":{"line":41,"column":9}},"18":{"start":{"line":40,"column":12},"end":{"line":40,"column":26}},"19":{"start":{"line":43,"column":28},"end":{"line":43,"column":40}},"20":{"start":{"line":44,"column":25},"end":{"line":44,"column":55}},"21":{"start":{"line":44,"column":44},"end":{"line":44,"column":53}},"22":{"start":{"line":45,"column":20},"end":{"line":45,"column":38}},"23":{"start":{"line":47,"column":8},"end":{"line":47,"column":34}}},"fnMap":{"0":{"name":"(anonymous_0)","decl":{"start":{"line":6,"column":27},"end":{"line":6,"column":28}},"loc":{"start":{"line":6,"column":58},"end":{"line":20,"column":1}},"line":6},"1":{"name":"(anonymous_1)","decl":{"start":{"line":22,"column":29},"end":{"line":22,"column":30}},"loc":{"start":{"line":22,"column":55},"end":{"line":31,"column":1}},"line":22},"2":{"name":"(anonymous_2)","decl":{"start":{"line":33,"column":32},"end":{"line":33,"column":33}},"loc":{"start":{"line":33,"column":46},"end":{"line":50,"column":1}},"line":33},"3":{"name":"(anonymous_3)","decl":{"start":{"line":35,"column":11},"end":{"line":35,"column":12}},"loc":{"start":{"line":35,"column":31},"end":{"line":48,"column":5}},"line":35},"4":{"name":"(anonymous_4)","decl":{"start":{"line":44,"column":37},"end":{"line":44,"column":38}},"loc":{"start":{"line":44,"column":44},"end":{"line":44,"column":53}},"line":44}},"branchMap":{"0":{"loc":{"start":{"line":8,"column":4},"end":{"line":11,"column":5}},"type":"if","locations":[{"start":{"line":8,"column":4},"end":{"line":11,"column":5}},{"start":{},"end":{}}],"line":8},"1":{"loc":{"start":{"line":24,"column":4},"end":{"line":27,"column":5}},"type":"if","locations":[{"start":{"line":24,"column":4},"end":{"line":27,"column":5}},{"start":{},"end":{}}],"line":24},"2":{"loc":{"start":{"line":39,"column":8},"end":{"line":41,"column":9}},"type":"if","locations":[{"start":{"line":39,"column":8},"end":{"line":41,"column":9}},{"start":{},"end":{}}],"line":39}},"s":{"0":2,"1":0,"2":0,"3":0,"4":0,"5":0,"6":2,"7":1,"8":1,"9":1,"10":1,"11":1,"12":1,"13":2,"14":2,"15":0,"16":0,"17":0,"18":0,"19":0,"20":0,"21":0,"22":0,"23":0},"f":{"0":0,"1":1,"2":2,"3":0,"4":0},"b":{"0":[0,0],"1":[1,0],"2":[0,0]},"_coverageSchema":"1a1c01bbd47fc00a2c39e90264f33305004495a9","hash":"e6d01dcd4476de7118ed63440550fe5921efe985"}
,"E:\\2021-Vedio-download\\Practise\\React-Foyzul\\Foyzul-2022\\AdvanceNodeJs\\parcelkoi-server\\app\\src\\models\\view-models\\index.js": {"path":"E:\\2021-Vedio-download\\Practise\\React-Foyzul\\Foyzul-2022\\AdvanceNodeJs\\parcelkoi-server\\app\\src\\models\\view-models\\index.js","statementMap":{"0":{"start":{"line":3,"column":19},"end":{"line":3,"column":51}}},"fnMap":{},"branchMap":{},"s":{"0":2},"f":{},"b":{},"_coverageSchema":"1a1c01bbd47fc00a2c39e90264f33305004495a9","hash":"af3cd3187d8c96b94f5ec8f6282987470d0c8cf9"}
,"E:\\2021-Vedio-download\\Practise\\React-Foyzul\\Foyzul-2022\\AdvanceNodeJs\\parcelkoi-server\\app\\src\\models\\view-models\\user-view-model.js": {"path":"E:\\2021-Vedio-download\\Practise\\React-Foyzul\\Foyzul-2022\\AdvanceNodeJs\\parcelkoi-server\\app\\src\\models\\view-models\\user-view-model.js","statementMap":{"0":{"start":{"line":4,"column":15},"end":{"line":8,"column":1}},"1":{"start":{"line":10,"column":17},"end":{"line":15,"column":1}},"2":{"start":{"line":11,"column":19},"end":{"line":11,"column":40}},"3":{"start":{"line":12,"column":4},"end":{"line":12,"column":32}},"4":{"start":{"line":13,"column":4},"end":{"line":13,"column":24}},"5":{"start":{"line":14,"column":4},"end":{"line":14,"column":18}}},"fnMap":{"0":{"name":"(anonymous_0)","decl":{"start":{"line":10,"column":17},"end":{"line":10,"column":18}},"loc":{"start":{"line":10,"column":27},"end":{"line":15,"column":1}},"line":10}},"branchMap":{},"s":{"0":2,"1":2,"2":0,"3":0,"4":0,"5":0},"f":{"0":0},"b":{},"_coverageSchema":"1a1c01bbd47fc00a2c39e90264f33305004495a9","hash":"a036a14919018971ede013b88cd5a861a5a59100"}
,"E:\\2021-Vedio-download\\Practise\\React-Foyzul\\Foyzul-2022\\AdvanceNodeJs\\parcelkoi-server\\app\\src\\utils\\errors.js": {"path":"E:\\2021-Vedio-download\\Practise\\React-Foyzul\\Foyzul-2022\\AdvanceNodeJs\\parcelkoi-server\\app\\src\\utils\\errors.js","statementMap":{"0":{"start":{"line":3,"column":8},"end":{"line":3,"column":16}},"1":{"start":{"line":4,"column":8},"end":{"line":4,"column":30}},"2":{"start":{"line":6,"column":16},"end":{"line":6,"column":27}},"3":{"start":{"line":11,"column":8},"end":{"line":11,"column":23}},"4":{"start":{"line":12,"column":8},"end":{"line":12,"column":32}},"5":{"start":{"line":14,"column":17},"end":{"line":14,"column":28}},"6":{"start":{"line":19,"column":8},"end":{"line":19,"column":22}},"7":{"start":{"line":20,"column":8},"end":{"line":20,"column":31}},"8":{"start":{"line":22,"column":15},"end":{"line":22,"column":26}}},"fnMap":{"0":{"name":"(anonymous_0)","decl":{"start":{"line":2,"column":4},"end":{"line":2,"column":5}},"loc":{"start":{"line":2,"column":24},"end":{"line":5,"column":5}},"line":2},"1":{"name":"(anonymous_1)","decl":{"start":{"line":6,"column":4},"end":{"line":6,"column":5}},"loc":{"start":{"line":6,"column":14},"end":{"line":6,"column":29}},"line":6},"2":{"name":"(anonymous_2)","decl":{"start":{"line":10,"column":4},"end":{"line":10,"column":5}},"loc":{"start":{"line":10,"column":24},"end":{"line":13,"column":5}},"line":10},"3":{"name":"(anonymous_3)","decl":{"start":{"line":14,"column":5},"end":{"line":14,"column":6}},"loc":{"start":{"line":14,"column":15},"end":{"line":14,"column":30}},"line":14},"4":{"name":"(anonymous_4)","decl":{"start":{"line":18,"column":4},"end":{"line":18,"column":5}},"loc":{"start":{"line":18,"column":24},"end":{"line":21,"column":5}},"line":18},"5":{"name":"(anonymous_5)","decl":{"start":{"line":22,"column":4},"end":{"line":22,"column":5}},"loc":{"start":{"line":22,"column":13},"end":{"line":22,"column":28}},"line":22}},"branchMap":{},"s":{"0":0,"1":0,"2":0,"3":0,"4":0,"5":0,"6":0,"7":0,"8":0},"f":{"0":0,"1":0,"2":0,"3":0,"4":0,"5":0},"b":{},"_coverageSchema":"1a1c01bbd47fc00a2c39e90264f33305004495a9","hash":"d3c47a85cb9a49fbc8402a06603e74065130769c"}
}
