TN:
SF:src\app.js
FNF:0
FNH:0
DA:7,2
DA:10,2
DA:16,2
DA:20,2
DA:24,2
DA:25,0
DA:27,2
DA:32,2
LF:8
LH:7
BRDA:24,0,0,0
BRDA:24,0,1,2
BRF:2
BRH:1
end_of_record
TN:
SF:src\logger.js
FN:9,(anonymous_0)
FN:31,(anonymous_1)
FN:43,(anonymous_2)
FN:64,(anonymous_3)
FNF:4
FNH:0
FNDA:0,(anonymous_0)
FNDA:0,(anonymous_1)
FNDA:0,(anonymous_2)
FNDA:0,(anonymous_3)
DA:9,2
DA:10,0
DA:14,0
DA:31,2
DA:36,2
DA:41,2
DA:43,2
DA:64,2
LF:8
LH:6
BRF:0
BRH:0
end_of_record
TN:
SF:src\controllers\index.js
FN:3,(anonymous_0)
FNF:1
FNH:1
FNDA:2,(anonymous_0)
DA:3,2
DA:4,2
LF:2
LH:2
BRF:0
BRH:0
end_of_record
TN:
SF:src\controllers\userController.js
FN:9,(anonymous_0)
FN:23,(anonymous_1)
FN:33,(anonymous_2)
FN:44,(anonymous_3)
FN:59,(anonymous_4)
FNF:5
FNH:2
FNDA:1,(anonymous_0)
FNDA:0,(anonymous_1)
FNDA:0,(anonymous_2)
FNDA:0,(anonymous_3)
FNDA:2,(anonymous_4)
DA:7,2
DA:9,2
DA:14,1
DA:15,1
DA:16,1
DA:19,0
DA:23,2
DA:24,0
DA:25,0
DA:26,0
DA:27,0
DA:29,0
DA:33,2
DA:34,0
DA:35,0
DA:36,0
DA:37,0
DA:40,0
DA:44,2
DA:45,0
DA:46,0
DA:47,0
DA:48,0
DA:50,0
DA:54,2
DA:55,2
DA:56,2
DA:57,2
DA:59,2
DA:60,2
LF:30
LH:14
BRF:0
BRH:0
end_of_record
TN:
SF:src\middlewares\index.js
FN:6,(anonymous_0)
FN:22,(anonymous_1)
FN:33,(anonymous_2)
FN:35,(anonymous_3)
FN:44,(anonymous_4)
FNF:5
FNH:2
FNDA:0,(anonymous_0)
FNDA:1,(anonymous_1)
FNDA:2,(anonymous_2)
FNDA:0,(anonymous_3)
FNDA:0,(anonymous_4)
DA:6,2
DA:7,0
DA:8,0
DA:9,0
DA:13,0
DA:15,0
DA:22,2
DA:23,1
DA:24,1
DA:25,1
DA:26,1
DA:29,1
DA:30,1
DA:33,2
DA:35,2
DA:36,0
DA:37,0
DA:39,0
DA:40,0
DA:43,0
DA:44,0
DA:45,0
DA:47,0
LF:23
LH:10
BRDA:8,0,0,0
BRDA:8,0,1,0
BRDA:24,1,0,1
BRDA:24,1,1,0
BRDA:39,2,0,0
BRDA:39,2,1,0
BRF:6
BRH:1
end_of_record
TN:
SF:src\models\view-models\index.js
FNF:0
FNH:0
DA:3,2
LF:1
LH:1
BRF:0
BRH:0
end_of_record
TN:
SF:src\models\view-models\user-view-model.js
FN:10,(anonymous_0)
FNF:1
FNH:0
FNDA:0,(anonymous_0)
DA:4,2
DA:10,2
DA:11,0
DA:12,0
DA:13,0
DA:14,0
LF:6
LH:2
BRF:0
BRH:0
end_of_record
TN:
SF:src\utils\errors.js
FN:2,(anonymous_0)
FN:6,(anonymous_1)
FN:10,(anonymous_2)
FN:14,(anonymous_3)
FN:18,(anonymous_4)
FN:22,(anonymous_5)
FNF:6
FNH:0
FNDA:0,(anonymous_0)
FNDA:0,(anonymous_1)
FNDA:0,(anonymous_2)
FNDA:0,(anonymous_3)
FNDA:0,(anonymous_4)
FNDA:0,(anonymous_5)
DA:3,0
DA:4,0
DA:6,0
DA:11,0
DA:12,0
DA:14,0
DA:19,0
DA:20,0
DA:22,0
LF:9
LH:0
BRF:0
BRH:0
end_of_record
